-------------------------------------------------------------------------------
Test set: com.xutao.app.hello.TimeTest
-------------------------------------------------------------------------------
Tests run: 2, Failures: 0, Errors: 1, Skipped: 0, Time elapsed: 1.063 sec <<< FAILURE!
testPrintMessage(com.xutao.app.hello.TimeTest)  Time elapsed: 1.006 sec  <<< ERROR!
java.lang.Exception: test timed out after 1000 milliseconds
	at com.xutao.app.hello.TimeDemo.printMessage(TimeDemo.java:15)
	at com.xutao.app.hello.TimeTest.testPrintMessage(TimeTest.java:18)
	at sun.reflect.NativeMethodAccessorImpl.invoke0(Native Method)
	at sun.reflect.NativeMethodAccessorImpl.invoke(Unknown Source)
	at sun.reflect.DelegatingMethodAccessorImpl.invoke(Unknown Source)
	at java.lang.reflect.Method.invoke(Unknown Source)
	at org.junit.runners.model.FrameworkMethod$1.runReflectiveCall(FrameworkMethod.java:44)
	at org.junit.internal.runners.model.ReflectiveCallable.run(ReflectiveCallable.java:15)
	at org.junit.runners.model.FrameworkMethod.invokeExplosively(FrameworkMethod.java:41)
	at org.junit.internal.runners.statements.InvokeMethod.evaluate(InvokeMethod.java:20)
	at org.junit.internal.runners.statements.FailOnTimeout$1.run(FailOnTimeout.java:28)

