<?xml version="1.0" encoding="UTF-8" ?>
<testsuite tests="2" failures="0" name="com.xutao.app.hello.TimeTest" time="1.056" errors="1" skipped="0">
  <properties>
[...]
</properties>
  <testcase classname="com.xutao.app.hello.TimeTest" name="testSalutationMessage" time="0.002"/>
  <testcase classname="com.xutao.app.hello.TimeTest" name="testPrintMessage" time="1.003">
    <error message="test timed out after 1000 milliseconds" type="java.lang.Exception">java.lang.Exception: test timed out after 1000 milliseconds
	at com.xutao.app.hello.TimeDemo.printMessage(TimeDemo.java:15)
	at com.xutao.app.hello.TimeTest.testPrintMessage(TimeTest.java:18)
	at sun.reflect.NativeMethodAccessorImpl.invoke0(Native Method)
	at sun.reflect.NativeMethodAccessorImpl.invoke(Unknown Source)
	at sun.reflect.DelegatingMethodAccessorImpl.invoke(Unknown Source)
	at java.lang.reflect.Method.invoke(Unknown Source)
	at org.junit.runners.model.FrameworkMethod$1.runReflectiveCall(FrameworkMethod.java:44)
	at org.junit.internal.runners.model.ReflectiveCallable.run(ReflectiveCallable.java:15)
	at org.junit.runners.model.FrameworkMethod.invokeExplosively(FrameworkMethod.java:41)
	at org.junit.internal.runners.statements.InvokeMethod.evaluate(InvokeMethod.java:20)
	at org.junit.internal.runners.statements.FailOnTimeout$1.run(FailOnTimeout.java:28)
</error>
    <system-out>Inside testPrintMessage()
Robert
</system-out>
  </testcase>
</testsuite>